<?xml version="1.0" encoding="UTF-8"?>
<testng-results ignored="0" total="1" passed="1" failed="0" skipped="0">
  <reporter-output>
  </reporter-output>
  <suite started-at="2022-01-23T09:24:46Z" name="Suite" finished-at="2022-01-23T09:24:59Z" duration-ms="12867">
    <groups>
    </groups>
    <test started-at="2022-01-23T09:24:46Z" name="Test" finished-at="2022-01-23T09:24:59Z" duration-ms="12867">
      <class name="DemoCICDWeb.DemoCICDWeb.TestCase1">
        <test-method signature="WebTest()[pri:0, instance:DemoCICDWeb.DemoCICDWeb.TestCase1@7fee8714]" started-at="2022-01-23T09:24:46Z" name="WebTest" finished-at="2022-01-23T09:24:59Z" duration-ms="12843" status="PASS">
          <reporter-output>
          </reporter-output>
        </test-method> <!-- WebTest -->
      </class> <!-- DemoCICDWeb.DemoCICDWeb.TestCase1 -->
    </test> <!-- Test -->
  </suite> <!-- Suite -->
</testng-results>
