<?xml version="1.0" encoding="UTF-8"?>
<testng-results ignored="0" total="1" passed="1" failed="0" skipped="0">
  <reporter-output>
  </reporter-output>
  <suite started-at="2022-01-23T08:05:20Z" name="Default suite" finished-at="2022-01-23T08:05:30Z" duration-ms="9770">
    <groups>
    </groups>
    <test started-at="2022-01-23T08:05:20Z" name="Default test" finished-at="2022-01-23T08:05:30Z" duration-ms="9770">
      <class name="DemoCICDWeb.DemoCICDWeb.TestCase1">
        <test-method signature="WebTest()[pri:0, instance:DemoCICDWeb.DemoCICDWeb.TestCase1@7b8b43c7]" started-at="2022-01-23T08:05:20Z" name="WebTest" finished-at="2022-01-23T08:05:30Z" duration-ms="9751" status="PASS">
          <reporter-output>
          </reporter-output>
        </test-method> <!-- WebTest -->
      </class> <!-- DemoCICDWeb.DemoCICDWeb.TestCase1 -->
    </test> <!-- Default test -->
  </suite> <!-- Default suite -->
</testng-results>
